0 info it worked if it ends with ok
1 verbose cli [ '/usr/local/opt/nvm/versions/node/v0.12.15/bin/node',
1 verbose cli   '/usr/local/opt/nvm/versions/node/v0.12.15/bin/npm',
1 verbose cli   'run',
1 verbose cli   'lint' ]
2 info using npm@2.15.1
3 info using node@v0.12.15
4 verbose node symlink /usr/local/opt/nvm/versions/node/v0.12.15/bin/node
5 verbose stack Error: ENOENT, open '/Users/kel/Documents/code/genie/website.io/package.json'
5 verbose stack     at Error (native)
6 verbose cwd /Users/kel/Documents/code/genie/website.io
7 error Darwin 16.1.0
8 error argv "/usr/local/opt/nvm/versions/node/v0.12.15/bin/node" "/usr/local/opt/nvm/versions/node/v0.12.15/bin/npm" "run" "lint"
9 error node v0.12.15
10 error npm  v2.15.1
11 error path /Users/kel/Documents/code/genie/website.io/package.json
12 error code ENOENT
13 error errno -2
14 error enoent ENOENT, open '/Users/kel/Documents/code/genie/website.io/package.json'
14 error enoent This is most likely not a problem with npm itself
14 error enoent and is related to npm not being able to find a file.
15 verbose exit [ -2, true ]
